<?xml version="1.0" encoding="UTF-8"?>
<!-- Generated by org.testng.reporters.JUnitReportReporter -->
<testsuite hostname="DESKTOP-0GE7J37" failures="0" tests="5" name="Tutorial11.Demo1" time="175.342" errors="0" timestamp="2023-03-20T12:55:41 IST" skipped="0">
  <testcase classname="Tutorial11.Demo1" name="validateLoginFunctionality" time="32.507"/>
  <system-out/>
  <testcase classname="Tutorial11.Demo1" name="validateLoginFunctionality" time="31.795"/>
  <system-out/>
  <testcase classname="Tutorial11.Demo1" name="validateLoginFunctionality" time="31.331"/>
  <system-out/>
  <testcase classname="Tutorial11.Demo1" name="validateLoginFunctionality" time="48.033"/>
  <system-out/>
  <testcase classname="Tutorial11.Demo1" name="validateLoginFunctionality" time="31.676"/>
  <system-out/>
</testsuite> <!-- Tutorial11.Demo1 -->
