<?xml version="1.0" encoding="UTF-8"?>
<!-- Generated by org.testng.reporters.JUnitReportReporter -->
<testsuite hostname="DESKTOP-0GE7J37" failures="0" tests="9" name="com.TestLayer.ContactPageTest" time="9.635" errors="0" timestamp="2023-03-20T16:28:45 IST" skipped="0">
  <testcase classname="com.TestLayer.ContactPageTest" name="clickOnCreate" time="0.455"/>
  <system-out/>
  <testcase classname="com.TestLayer.ContactPageTest" name="EnterContactData" time="2.217"/>
  <system-out/>
  <testcase classname="com.TestLayer.ContactPageTest" name="EnterContactData" time="1.137"/>
  <system-out/>
  <testcase classname="com.TestLayer.ContactPageTest" name="EnterContactData" time="1.092"/>
  <system-out/>
  <testcase classname="com.TestLayer.ContactPageTest" name="EnterContactData" time="1.301"/>
  <system-out/>
  <testcase classname="com.TestLayer.ContactPageTest" name="EnterContactData" time="1.167"/>
  <system-out/>
  <testcase classname="com.TestLayer.ContactPageTest" name="EnterContactData" time="1.134"/>
  <system-out/>
  <testcase classname="com.TestLayer.ContactPageTest" name="savedata" time="0.666"/>
  <system-out/>
  <testcase classname="com.TestLayer.ContactPageTest" name="savebutton" time="0.466"/>
  <system-out/>
</testsuite> <!-- com.TestLayer.ContactPageTest -->
