<?xml version="1.0" encoding="UTF-8"?>
<!-- Generated by org.testng.reporters.JUnitReportReporter -->
<testsuite hostname="DESKTOP-0GE7J37" failures="0" tests="6" name="Tutorial11.Demo22" time="114.327" errors="0" timestamp="2023-03-20T15:20:29 IST" skipped="0">
  <testcase classname="Tutorial11.Demo22" name="contactInformation" time="20.897"/>
  <system-out/>
  <testcase classname="Tutorial11.Demo22" name="contactInformation" time="18.262"/>
  <system-out/>
  <testcase classname="Tutorial11.Demo22" name="contactInformation" time="18.823"/>
  <system-out/>
  <testcase classname="Tutorial11.Demo22" name="contactInformation" time="19.477"/>
  <system-out/>
  <testcase classname="Tutorial11.Demo22" name="contactInformation" time="18.145"/>
  <system-out/>
  <testcase classname="Tutorial11.Demo22" name="contactInformation" time="18.723"/>
  <system-out/>
</testsuite> <!-- Tutorial11.Demo22 -->
