<?xml version="1.0" encoding="UTF-8"?>
<!-- Generated by org.testng.reporters.JUnitReportReporter -->
<testsuite hostname="DESKTOP-0GE7J37" failures="0" tests="1" name="com.TestLayer.LoginPageTest" time="0.982" errors="0" timestamp="2023-03-20T16:28:45 IST" skipped="0">
  <testcase classname="com.TestLayer.LoginPageTest" name="validateLoginFuntion" time="0.982"/>
  <system-out/>
</testsuite> <!-- com.TestLayer.LoginPageTest -->
