<?xml version="1.0" encoding="UTF-8"?>
<!-- Generated by org.testng.reporters.JUnitReportReporter -->
<testsuite hostname="DESKTOP-0GE7J37" failures="0" tests="5" name="com.TestLayer.HomePageTest" time="2.896" errors="0" timestamp="2023-03-20T16:28:45 IST" skipped="0">
  <testcase classname="com.TestLayer.HomePageTest" name="validateHomePageTitle" time="0.019"/>
  <system-out/>
  <testcase classname="com.TestLayer.HomePageTest" name="geturl" time="0.009"/>
  <system-out/>
  <testcase classname="com.TestLayer.HomePageTest" name="logo" time="1.405"/>
  <system-out/>
  <testcase classname="com.TestLayer.HomePageTest" name="compname" time="0.927"/>
  <system-out/>
  <testcase classname="com.TestLayer.HomePageTest" name="contactpage" time="0.536"/>
  <system-out/>
</testsuite> <!-- com.TestLayer.HomePageTest -->
